<?xml version="1.0" encoding="UTF-8"?>
<!-- Generated by org.testng.reporters.JUnitReportReporter -->
<testsuite hostname="LPT-HasnainZaidiBayut" failures="0" tests="1" name="homepage" time="8.354" errors="0" timestamp="2023-10-06T16:11:38 PKT" skipped="0">
  <testcase classname="homepage" name="allCat" time="8.354"/>
  <system-out/>
</testsuite> <!-- homepage -->
