<?xml version="1.0" encoding="UTF-8"?>
<!-- Generated by org.testng.reporters.JUnitReportReporter -->
<testsuite hostname="LPT-HasnainZaidiBayut" failures="0" tests="1" name="LoginCase" time="19.903" errors="0" timestamp="2023-09-11T13:09:06 PKT" skipped="0">
  <testcase classname="LoginCase" name="sellButtonLogin" time="19.903"/>
  <system-out/>
</testsuite> <!-- LoginCase -->
