<?xml version="1.0" encoding="UTF-8"?>
<!-- Generated by org.testng.reporters.JUnitReportReporter -->
<testsuite hostname="LPT-HasnainZaidiBayut" failures="0" tests="1" name="homepage" time="6.394" errors="0" timestamp="2023-10-03T11:34:20 PKT" skipped="0">
  <testcase classname="homepage" name="viewMore" time="6.394"/>
  <system-out/>
</testsuite> <!-- homepage -->
