<?xml version="1.0" encoding="UTF-8"?>
<!-- Generated by org.testng.reporters.JUnitReportReporter -->
<testsuite hostname="LPT-HasnainZaidiBayut" failures="0" tests="1" name="homepage" time="6.188" errors="0" timestamp="2023-10-03T12:01:42 PKT" skipped="0">
  <testcase classname="homepage" name="footerLinks" time="6.188"/>
  <system-out/>
</testsuite> <!-- homepage -->
