<?xml version="1.0" encoding="UTF-8"?>
<!-- Generated by org.testng.reporters.JUnitReportReporter -->
<testsuite hostname="LPT-HasnainZaidiBayut" failures="0" tests="1" name="homepage" time="7.002" errors="0" timestamp="2023-09-25T12:17:11 PKT" skipped="0">
  <testcase classname="homepage" name="keywordSearch" time="7.002"/>
  <system-out/>
</testsuite> <!-- homepage -->
