<?xml version="1.0" encoding="UTF-8"?>
<!-- Generated by org.testng.reporters.JUnitReportReporter -->
<testsuite hostname="LPT-HasnainZaidiBayut" failures="0" tests="1" name="homepage" time="8.384" errors="0" timestamp="2023-10-09T15:31:30 PKT" skipped="0">
  <testcase classname="homepage" name="contactUs" time="8.384"/>
  <system-out/>
</testsuite> <!-- homepage -->
