<?xml version="1.0" encoding="UTF-8"?>
<!-- Generated by org.testng.reporters.JUnitReportReporter -->
<testsuite hostname="LPT-HasnainZaidiBayut" failures="0" tests="1" name="Basics" time="8.988" errors="0" timestamp="2023-08-23T12:34:14 PKT" skipped="0">
  <testcase classname="Basics" name="SeleniumBasics" time="8.988"/>
  <system-out/>
</testsuite> <!-- Basics -->
