<?xml version="1.0" encoding="UTF-8"?>
<!-- Generated by org.testng.reporters.JUnitReportReporter -->
<testsuite hostname="LPT-HasnainZaidiBayut" failures="0" tests="1" name="LoginTest" time="10.373" errors="0" timestamp="2023-08-23T12:09:21 PKT" skipped="0">
  <testcase classname="LoginTest" name="BasicTest" time="10.373"/>
  <system-out/>
</testsuite> <!-- LoginTest -->
