<?xml version="1.0" encoding="UTF-8"?>
<!-- Generated by org.testng.reporters.JUnitReportReporter -->
<testsuite hostname="LPT-HasnainZaidiBayut" failures="0" tests="1" name="Basics" time="9.471" errors="0" timestamp="2023-08-31T14:46:41 PKT" skipped="0">
  <testcase classname="Basics" name="SeleniumBasics" time="9.471"/>
  <system-out/>
</testsuite> <!-- Basics -->
