<?xml version="1.0" encoding="UTF-8"?>
<!-- Generated by org.testng.reporters.JUnitReportReporter -->
<testsuite hostname="LPT-HasnainZaidiBayut" failures="0" tests="1" name="homepage" time="5.749" errors="0" timestamp="2023-09-20T16:53:11 PKT" skipped="0">
  <testcase classname="homepage" name="keywordSearch" time="5.749"/>
  <system-out/>
</testsuite> <!-- homepage -->
