<?xml version="1.0" encoding="UTF-8"?>
<!-- Generated by org.testng.reporters.JUnitReportReporter -->
<testsuite hostname="LPT-HasnainZaidiBayut" failures="0" tests="1" name="dropDown" time="12.110" errors="0" timestamp="2023-08-23T11:54:42 PKT" skipped="0">
  <testcase classname="dropDown" name="DropDownTest" time="12.110"/>
  <system-out/>
</testsuite> <!-- dropDown -->
