<?xml version="1.0" encoding="UTF-8"?>
<!-- Generated by org.testng.reporters.JUnitReportReporter -->
<testsuite hostname="LPT-HasnainZaidiBayut" failures="0" tests="1" name="NewTab" time="14.710" errors="0" timestamp="2023-08-31T15:31:11 PKT" skipped="0">
  <testcase classname="NewTab" name="newWindow" time="14.710"/>
  <system-out/>
</testsuite> <!-- NewTab -->
