<?xml version="1.0" encoding="UTF-8"?>
<!-- Generated by org.testng.reporters.JUnitReportReporter -->
<testsuite hostname="LPT-HasnainZaidiBayut" failures="0" tests="3" name="homepage" time="78.645" errors="0" timestamp="2023-10-10T16:24:56 PKT" skipped="0">
  <testcase classname="homepage" name="footerLinks" time="20.701"/>
  <system-out/>
  <testcase classname="homepage" name="keywordSearch" time="5.364"/>
  <system-out/>
  <testcase classname="homepage" name="catClick" time="52.580"/>
  <system-out/>
</testsuite> <!-- homepage -->
