<?xml version="1.0" encoding="UTF-8"?>
<!-- Generated by org.testng.reporters.JUnitReportReporter -->
<testsuite hostname="LPT-HasnainZaidiBayut" failures="0" tests="2" name="homepage" time="12.320" errors="0" timestamp="2023-10-10T16:12:24 PKT" skipped="0">
  <testcase classname="homepage" name="keywordSearch" time="2.923"/>
  <system-out/>
  <testcase classname="homepage" name="catClick" time="9.397"/>
  <system-out/>
</testsuite> <!-- homepage -->
